<?xml version="1.0" encoding="UTF-8"?>
<testng-results retried="3" ignored="12" total="20" passed="4" failed="1" skipped="0">
  <reporter-output>
    <line>
      <![CDATA[CampaignGowthu41356added successfully]]>
    </line>
    <line>
      <![CDATA[CampaignGowthu41325added successfully]]>
    </line>
    <line>
      <![CDATA[Product nameLaptop_381added successfully]]>
    </line>
    <line>
      <![CDATA[Contact nameGowthami_1997added successfully]]>
    </line>
  </reporter-output>
  <suite started-at="2025-03-30T14:14:20 IST" name="Suite" finished-at="2025-03-30T14:16:40 IST" duration-ms="140056">
    <groups>
    </groups>
    <test started-at="2025-03-30T14:14:20 IST" name="Test" finished-at="2025-03-30T14:16:40 IST" duration-ms="140056">
      <class name="CreateTest.CreateContact">
        <test-method is-config="true" signature="beforeClass()[pri:0, instance:CreateTest.CreateContact@3f6f6701]" started-at="2025-03-30T14:16:02 IST" name="beforeClass" finished-at="2025-03-30T14:16:04 IST" duration-ms="1334" status="PASS">
          <reporter-output>
          </reporter-output>
        </test-method> <!-- beforeClass -->
        <test-method is-config="true" signature="beforeMethod()[pri:0, instance:CreateTest.CreateContact@3f6f6701]" started-at="2025-03-30T14:16:04 IST" name="beforeMethod" finished-at="2025-03-30T14:16:08 IST" duration-ms="4306" status="PASS">
          <reporter-output>
          </reporter-output>
        </test-method> <!-- beforeMethod -->
        <test-method signature="createContactWithCampaignTest()[pri:0, instance:CreateTest.CreateContact@3f6f6701]" started-at="2025-03-30T14:16:08 IST" name="createContactWithCampaignTest" finished-at="2025-03-30T14:16:40 IST" duration-ms="31654" status="PASS">
          <reporter-output>
            <line>
              <![CDATA[Contact nameGowthami_1997added successfully]]>
            </line>
          </reporter-output>
        </test-method> <!-- createContactWithCampaignTest -->
        <test-method is-config="true" signature="afterMethod()[pri:0, instance:CreateTest.CreateContact@3f6f6701]" started-at="2025-03-30T14:16:40 IST" name="afterMethod" finished-at="2025-03-30T14:16:40 IST" duration-ms="108" status="PASS">
          <reporter-output>
          </reporter-output>
        </test-method> <!-- afterMethod -->
        <test-method is-config="true" signature="afterClass()[pri:0, instance:CreateTest.CreateContact@3f6f6701]" started-at="2025-03-30T14:16:40 IST" name="afterClass" finished-at="2025-03-30T14:16:40 IST" duration-ms="281" status="PASS">
          <reporter-output>
          </reporter-output>
        </test-method> <!-- afterClass -->
      </class> <!-- CreateTest.CreateContact -->
      <class name="Login.LoginTest">
        <test-method is-config="true" signature="beforeClass()[pri:0, instance:Login.LoginTest@242b836]" started-at="2025-03-30T14:15:38 IST" name="beforeClass" finished-at="2025-03-30T14:15:40 IST" duration-ms="1364" status="PASS">
          <reporter-output>
          </reporter-output>
        </test-method> <!-- beforeClass -->
        <test-method is-config="true" signature="beforeMethod()[pri:0, instance:Login.LoginTest@242b836]" started-at="2025-03-30T14:15:40 IST" name="beforeMethod" finished-at="2025-03-30T14:15:43 IST" duration-ms="3732" status="PASS">
          <reporter-output>
          </reporter-output>
        </test-method> <!-- beforeMethod -->
        <test-method retried="true" signature="loginTest()[pri:0, instance:Login.LoginTest@242b836]" started-at="2025-03-30T14:15:43 IST" name="loginTest" finished-at="2025-03-30T14:15:46 IST" duration-ms="2057" status="SKIP">
          <exception class="java.lang.AssertionError">
            <message>
              <![CDATA[The following asserts failed:
expected [http://49.249.28.218:8098/dashboar] but found [http://49.249.28.218:8098/dashboard]]]>
            </message>
            <full-stacktrace>
              <![CDATA[java.lang.AssertionError: The following asserts failed:
expected [http://49.249.28.218:8098/dashboar] but found [http://49.249.28.218:8098/dashboard]
at org.testng.asserts.SoftAssert.assertAll(SoftAssert.java:47)
at org.testng.asserts.SoftAssert.assertAll(SoftAssert.java:31)
at Login.LoginTest.loginTest(LoginTest.java:107)
at java.base/jdk.internal.reflect.NativeMethodAccessorImpl.invoke0(Native Method)
at java.base/jdk.internal.reflect.NativeMethodAccessorImpl.invoke(NativeMethodAccessorImpl.java:77)
at java.base/jdk.internal.reflect.DelegatingMethodAccessorImpl.invoke(DelegatingMethodAccessorImpl.java:43)
at java.base/java.lang.reflect.Method.invoke(Method.java:568)
at org.testng.internal.MethodInvocationHelper.invokeMethod(MethodInvocationHelper.java:133)
at org.testng.internal.TestInvoker.invokeMethod(TestInvoker.java:598)
at org.testng.internal.TestInvoker.invokeTestMethod(TestInvoker.java:173)
at org.testng.internal.MethodRunner.runInSequence(MethodRunner.java:46)
at org.testng.internal.TestInvoker$MethodInvocationAgent.invoke(TestInvoker.java:824)
at org.testng.internal.TestInvoker.invokeTestMethods(TestInvoker.java:146)
at org.testng.internal.TestMethodWorker.invokeTestMethods(TestMethodWorker.java:146)
at org.testng.internal.TestMethodWorker.run(TestMethodWorker.java:128)
at java.base/java.util.ArrayList.forEach(ArrayList.java:1511)
at org.testng.TestRunner.privateRun(TestRunner.java:794)
at org.testng.TestRunner.run(TestRunner.java:596)
at org.testng.SuiteRunner.runTest(SuiteRunner.java:377)
at org.testng.SuiteRunner.runSequentially(SuiteRunner.java:371)
at org.testng.SuiteRunner.privateRun(SuiteRunner.java:332)
at org.testng.SuiteRunner.run(SuiteRunner.java:276)
at org.testng.SuiteRunnerWorker.runSuite(SuiteRunnerWorker.java:53)
at org.testng.SuiteRunnerWorker.run(SuiteRunnerWorker.java:96)
at org.testng.TestNG.runSuitesSequentially(TestNG.java:1212)
at org.testng.TestNG.runSuitesLocally(TestNG.java:1134)
at org.testng.TestNG.runSuites(TestNG.java:1063)
at org.testng.TestNG.run(TestNG.java:1031)
at org.testng.remote.AbstractRemoteTestNG.run(AbstractRemoteTestNG.java:115)
at org.testng.remote.RemoteTestNG.initAndRun(RemoteTestNG.java:293)
at org.testng.remote.RemoteTestNG.main(RemoteTestNG.java:91)
]]>
            </full-stacktrace>
          </exception> <!-- java.lang.AssertionError -->
          <reporter-output>
          </reporter-output>
        </test-method> <!-- loginTest -->
        <test-method is-config="true" signature="afterMethod()[pri:0, instance:Login.LoginTest@242b836]" started-at="2025-03-30T14:15:46 IST" name="afterMethod" finished-at="2025-03-30T14:15:46 IST" duration-ms="90" status="PASS">
          <reporter-output>
          </reporter-output>
        </test-method> <!-- afterMethod -->
        <test-method is-config="true" signature="beforeMethod()[pri:0, instance:Login.LoginTest@242b836]" started-at="2025-03-30T14:15:46 IST" name="beforeMethod" finished-at="2025-03-30T14:15:48 IST" duration-ms="2288" status="PASS">
          <reporter-output>
          </reporter-output>
        </test-method> <!-- beforeMethod -->
        <test-method retried="true" signature="loginTest()[pri:0, instance:Login.LoginTest@242b836]" started-at="2025-03-30T14:15:48 IST" name="loginTest" finished-at="2025-03-30T14:15:50 IST" duration-ms="2036" status="SKIP">
          <exception class="java.lang.AssertionError">
            <message>
              <![CDATA[The following asserts failed:
expected [http://49.249.28.218:8098/dashboar] but found [http://49.249.28.218:8098/dashboard]]]>
            </message>
            <full-stacktrace>
              <![CDATA[java.lang.AssertionError: The following asserts failed:
expected [http://49.249.28.218:8098/dashboar] but found [http://49.249.28.218:8098/dashboard]
at org.testng.asserts.SoftAssert.assertAll(SoftAssert.java:47)
at org.testng.asserts.SoftAssert.assertAll(SoftAssert.java:31)
at Login.LoginTest.loginTest(LoginTest.java:107)
at java.base/jdk.internal.reflect.NativeMethodAccessorImpl.invoke0(Native Method)
at java.base/jdk.internal.reflect.NativeMethodAccessorImpl.invoke(NativeMethodAccessorImpl.java:77)
at java.base/jdk.internal.reflect.DelegatingMethodAccessorImpl.invoke(DelegatingMethodAccessorImpl.java:43)
at java.base/java.lang.reflect.Method.invoke(Method.java:568)
at org.testng.internal.MethodInvocationHelper.invokeMethod(MethodInvocationHelper.java:133)
at org.testng.internal.TestInvoker.invokeMethod(TestInvoker.java:598)
at org.testng.internal.TestInvoker.retryFailed(TestInvoker.java:213)
at org.testng.internal.MethodRunner.runInSequence(MethodRunner.java:58)
at org.testng.internal.TestInvoker$MethodInvocationAgent.invoke(TestInvoker.java:824)
at org.testng.internal.TestInvoker.invokeTestMethods(TestInvoker.java:146)
at org.testng.internal.TestMethodWorker.invokeTestMethods(TestMethodWorker.java:146)
at org.testng.internal.TestMethodWorker.run(TestMethodWorker.java:128)
at java.base/java.util.ArrayList.forEach(ArrayList.java:1511)
at org.testng.TestRunner.privateRun(TestRunner.java:794)
at org.testng.TestRunner.run(TestRunner.java:596)
at org.testng.SuiteRunner.runTest(SuiteRunner.java:377)
at org.testng.SuiteRunner.runSequentially(SuiteRunner.java:371)
at org.testng.SuiteRunner.privateRun(SuiteRunner.java:332)
at org.testng.SuiteRunner.run(SuiteRunner.java:276)
at org.testng.SuiteRunnerWorker.runSuite(SuiteRunnerWorker.java:53)
at org.testng.SuiteRunnerWorker.run(SuiteRunnerWorker.java:96)
at org.testng.TestNG.runSuitesSequentially(TestNG.java:1212)
at org.testng.TestNG.runSuitesLocally(TestNG.java:1134)
at org.testng.TestNG.runSuites(TestNG.java:1063)
at org.testng.TestNG.run(TestNG.java:1031)
at org.testng.remote.AbstractRemoteTestNG.run(AbstractRemoteTestNG.java:115)
at org.testng.remote.RemoteTestNG.initAndRun(RemoteTestNG.java:293)
at org.testng.remote.RemoteTestNG.main(RemoteTestNG.java:91)
]]>
            </full-stacktrace>
          </exception> <!-- java.lang.AssertionError -->
          <reporter-output>
          </reporter-output>
        </test-method> <!-- loginTest -->
        <test-method is-config="true" signature="afterMethod()[pri:0, instance:Login.LoginTest@242b836]" started-at="2025-03-30T14:15:50 IST" name="afterMethod" finished-at="2025-03-30T14:15:50 IST" duration-ms="76" status="PASS">
          <reporter-output>
          </reporter-output>
        </test-method> <!-- afterMethod -->
        <test-method is-config="true" signature="beforeMethod()[pri:0, instance:Login.LoginTest@242b836]" started-at="2025-03-30T14:15:50 IST" name="beforeMethod" finished-at="2025-03-30T14:15:53 IST" duration-ms="2582" status="PASS">
          <reporter-output>
          </reporter-output>
        </test-method> <!-- beforeMethod -->
        <test-method retried="true" signature="loginTest()[pri:0, instance:Login.LoginTest@242b836]" started-at="2025-03-30T14:15:53 IST" name="loginTest" finished-at="2025-03-30T14:15:55 IST" duration-ms="2038" status="SKIP">
          <exception class="java.lang.AssertionError">
            <message>
              <![CDATA[The following asserts failed:
expected [http://49.249.28.218:8098/dashboar] but found [http://49.249.28.218:8098/dashboard]]]>
            </message>
            <full-stacktrace>
              <![CDATA[java.lang.AssertionError: The following asserts failed:
expected [http://49.249.28.218:8098/dashboar] but found [http://49.249.28.218:8098/dashboard]
at org.testng.asserts.SoftAssert.assertAll(SoftAssert.java:47)
at org.testng.asserts.SoftAssert.assertAll(SoftAssert.java:31)
at Login.LoginTest.loginTest(LoginTest.java:107)
at java.base/jdk.internal.reflect.NativeMethodAccessorImpl.invoke0(Native Method)
at java.base/jdk.internal.reflect.NativeMethodAccessorImpl.invoke(NativeMethodAccessorImpl.java:77)
at java.base/jdk.internal.reflect.DelegatingMethodAccessorImpl.invoke(DelegatingMethodAccessorImpl.java:43)
at java.base/java.lang.reflect.Method.invoke(Method.java:568)
at org.testng.internal.MethodInvocationHelper.invokeMethod(MethodInvocationHelper.java:133)
at org.testng.internal.TestInvoker.invokeMethod(TestInvoker.java:598)
at org.testng.internal.TestInvoker.retryFailed(TestInvoker.java:213)
at org.testng.internal.MethodRunner.runInSequence(MethodRunner.java:58)
at org.testng.internal.TestInvoker$MethodInvocationAgent.invoke(TestInvoker.java:824)
at org.testng.internal.TestInvoker.invokeTestMethods(TestInvoker.java:146)
at org.testng.internal.TestMethodWorker.invokeTestMethods(TestMethodWorker.java:146)
at org.testng.internal.TestMethodWorker.run(TestMethodWorker.java:128)
at java.base/java.util.ArrayList.forEach(ArrayList.java:1511)
at org.testng.TestRunner.privateRun(TestRunner.java:794)
at org.testng.TestRunner.run(TestRunner.java:596)
at org.testng.SuiteRunner.runTest(SuiteRunner.java:377)
at org.testng.SuiteRunner.runSequentially(SuiteRunner.java:371)
at org.testng.SuiteRunner.privateRun(SuiteRunner.java:332)
at org.testng.SuiteRunner.run(SuiteRunner.java:276)
at org.testng.SuiteRunnerWorker.runSuite(SuiteRunnerWorker.java:53)
at org.testng.SuiteRunnerWorker.run(SuiteRunnerWorker.java:96)
at org.testng.TestNG.runSuitesSequentially(TestNG.java:1212)
at org.testng.TestNG.runSuitesLocally(TestNG.java:1134)
at org.testng.TestNG.runSuites(TestNG.java:1063)
at org.testng.TestNG.run(TestNG.java:1031)
at org.testng.remote.AbstractRemoteTestNG.run(AbstractRemoteTestNG.java:115)
at org.testng.remote.RemoteTestNG.initAndRun(RemoteTestNG.java:293)
at org.testng.remote.RemoteTestNG.main(RemoteTestNG.java:91)
]]>
            </full-stacktrace>
          </exception> <!-- java.lang.AssertionError -->
          <reporter-output>
          </reporter-output>
        </test-method> <!-- loginTest -->
        <test-method is-config="true" signature="afterMethod()[pri:0, instance:Login.LoginTest@242b836]" started-at="2025-03-30T14:15:55 IST" name="afterMethod" finished-at="2025-03-30T14:15:55 IST" duration-ms="115" status="PASS">
          <reporter-output>
          </reporter-output>
        </test-method> <!-- afterMethod -->
        <test-method is-config="true" signature="beforeMethod()[pri:0, instance:Login.LoginTest@242b836]" started-at="2025-03-30T14:15:55 IST" name="beforeMethod" finished-at="2025-03-30T14:15:59 IST" duration-ms="4635" status="PASS">
          <reporter-output>
          </reporter-output>
        </test-method> <!-- beforeMethod -->
        <test-method signature="loginTest()[pri:0, instance:Login.LoginTest@242b836]" started-at="2025-03-30T14:15:59 IST" name="loginTest" finished-at="2025-03-30T14:16:01 IST" duration-ms="2057" status="FAIL">
          <exception class="java.lang.AssertionError">
            <message>
              <![CDATA[The following asserts failed:
expected [http://49.249.28.218:8098/dashboar] but found [http://49.249.28.218:8098/dashboard]]]>
            </message>
            <full-stacktrace>
              <![CDATA[java.lang.AssertionError: The following asserts failed:
expected [http://49.249.28.218:8098/dashboar] but found [http://49.249.28.218:8098/dashboard]
at org.testng.asserts.SoftAssert.assertAll(SoftAssert.java:47)
at org.testng.asserts.SoftAssert.assertAll(SoftAssert.java:31)
at Login.LoginTest.loginTest(LoginTest.java:107)
at java.base/jdk.internal.reflect.NativeMethodAccessorImpl.invoke0(Native Method)
at java.base/jdk.internal.reflect.NativeMethodAccessorImpl.invoke(NativeMethodAccessorImpl.java:77)
at java.base/jdk.internal.reflect.DelegatingMethodAccessorImpl.invoke(DelegatingMethodAccessorImpl.java:43)
at java.base/java.lang.reflect.Method.invoke(Method.java:568)
at org.testng.internal.MethodInvocationHelper.invokeMethod(MethodInvocationHelper.java:133)
at org.testng.internal.TestInvoker.invokeMethod(TestInvoker.java:598)
at org.testng.internal.TestInvoker.retryFailed(TestInvoker.java:213)
at org.testng.internal.MethodRunner.runInSequence(MethodRunner.java:58)
at org.testng.internal.TestInvoker$MethodInvocationAgent.invoke(TestInvoker.java:824)
at org.testng.internal.TestInvoker.invokeTestMethods(TestInvoker.java:146)
at org.testng.internal.TestMethodWorker.invokeTestMethods(TestMethodWorker.java:146)
at org.testng.internal.TestMethodWorker.run(TestMethodWorker.java:128)
at java.base/java.util.ArrayList.forEach(ArrayList.java:1511)
at org.testng.TestRunner.privateRun(TestRunner.java:794)
at org.testng.TestRunner.run(TestRunner.java:596)
at org.testng.SuiteRunner.runTest(SuiteRunner.java:377)
at org.testng.SuiteRunner.runSequentially(SuiteRunner.java:371)
at org.testng.SuiteRunner.privateRun(SuiteRunner.java:332)
at org.testng.SuiteRunner.run(SuiteRunner.java:276)
at org.testng.SuiteRunnerWorker.runSuite(SuiteRunnerWorker.java:53)
at org.testng.SuiteRunnerWorker.run(SuiteRunnerWorker.java:96)
at org.testng.TestNG.runSuitesSequentially(TestNG.java:1212)
at org.testng.TestNG.runSuitesLocally(TestNG.java:1134)
at org.testng.TestNG.runSuites(TestNG.java:1063)
at org.testng.TestNG.run(TestNG.java:1031)
at org.testng.remote.AbstractRemoteTestNG.run(AbstractRemoteTestNG.java:115)
at org.testng.remote.RemoteTestNG.initAndRun(RemoteTestNG.java:293)
at org.testng.remote.RemoteTestNG.main(RemoteTestNG.java:91)
]]>
            </full-stacktrace>
          </exception> <!-- java.lang.AssertionError -->
          <reporter-output>
          </reporter-output>
        </test-method> <!-- loginTest -->
        <test-method is-config="true" signature="afterMethod()[pri:0, instance:Login.LoginTest@242b836]" started-at="2025-03-30T14:16:02 IST" name="afterMethod" finished-at="2025-03-30T14:16:02 IST" duration-ms="89" status="PASS">
          <reporter-output>
          </reporter-output>
        </test-method> <!-- afterMethod -->
        <test-method is-config="true" signature="afterClass()[pri:0, instance:Login.LoginTest@242b836]" started-at="2025-03-30T14:16:02 IST" name="afterClass" finished-at="2025-03-30T14:16:02 IST" duration-ms="279" status="PASS">
          <reporter-output>
          </reporter-output>
        </test-method> <!-- afterClass -->
      </class> <!-- Login.LoginTest -->
      <class name="ProductTest.CreateProduct">
        <test-method is-config="true" signature="beforeClass()[pri:0, instance:ProductTest.CreateProduct@2d52216b]" started-at="2025-03-30T14:15:16 IST" name="beforeClass" finished-at="2025-03-30T14:15:18 IST" duration-ms="1594" status="PASS">
          <reporter-output>
          </reporter-output>
        </test-method> <!-- beforeClass -->
        <test-method is-config="true" signature="beforeMethod()[pri:0, instance:ProductTest.CreateProduct@2d52216b]" started-at="2025-03-30T14:15:18 IST" name="beforeMethod" finished-at="2025-03-30T14:15:24 IST" duration-ms="5884" status="PASS">
          <reporter-output>
          </reporter-output>
        </test-method> <!-- beforeMethod -->
        <test-method signature="createProductTest()[pri:0, instance:ProductTest.CreateProduct@2d52216b]" started-at="2025-03-30T14:15:24 IST" name="createProductTest" finished-at="2025-03-30T14:15:38 IST" duration-ms="14116" status="PASS">
          <reporter-output>
            <line>
              <![CDATA[Product nameLaptop_381added successfully]]>
            </line>
          </reporter-output>
        </test-method> <!-- createProductTest -->
        <test-method is-config="true" signature="afterMethod()[pri:0, instance:ProductTest.CreateProduct@2d52216b]" started-at="2025-03-30T14:15:38 IST" name="afterMethod" finished-at="2025-03-30T14:15:38 IST" duration-ms="99" status="PASS">
          <reporter-output>
          </reporter-output>
        </test-method> <!-- afterMethod -->
        <test-method is-config="true" signature="afterClass()[pri:0, instance:ProductTest.CreateProduct@2d52216b]" started-at="2025-03-30T14:15:38 IST" name="afterClass" finished-at="2025-03-30T14:15:38 IST" duration-ms="242" status="PASS">
          <reporter-output>
          </reporter-output>
        </test-method> <!-- afterClass -->
      </class> <!-- ProductTest.CreateProduct -->
      <class name="CampaignTest.CreateCampaign">
        <test-method is-config="true" signature="beforeSuite()[pri:0, instance:CampaignTest.CreateCampaign@54e1c68b]" started-at="2025-03-30T14:14:19 IST" name="beforeSuite" finished-at="2025-03-30T14:14:20 IST" duration-ms="809" status="PASS">
          <reporter-output>
          </reporter-output>
        </test-method> <!-- beforeSuite -->
        <test-method is-config="true" signature="beforeTest()[pri:0, instance:CampaignTest.CreateCampaign@54e1c68b]" started-at="2025-03-30T14:14:20 IST" name="beforeTest" finished-at="2025-03-30T14:14:20 IST" duration-ms="0" status="PASS">
          <reporter-output>
          </reporter-output>
        </test-method> <!-- beforeTest -->
        <test-method is-config="true" signature="beforeClass()[pri:0, instance:CampaignTest.CreateCampaign@54e1c68b]" started-at="2025-03-30T14:14:20 IST" name="beforeClass" finished-at="2025-03-30T14:14:23 IST" duration-ms="3341" status="PASS">
          <reporter-output>
          </reporter-output>
        </test-method> <!-- beforeClass -->
        <test-method is-config="true" signature="beforeMethod()[pri:0, instance:CampaignTest.CreateCampaign@54e1c68b]" started-at="2025-03-30T14:14:23 IST" name="beforeMethod" finished-at="2025-03-30T14:14:30 IST" duration-ms="6222" status="PASS">
          <reporter-output>
          </reporter-output>
        </test-method> <!-- beforeMethod -->
        <test-method signature="createCampaignTest()[pri:0, instance:CampaignTest.CreateCampaign@54e1c68b]" started-at="2025-03-30T14:14:30 IST" name="createCampaignTest" finished-at="2025-03-30T14:14:54 IST" duration-ms="24373" status="PASS">
          <reporter-output>
            <line>
              <![CDATA[CampaignGowthu41356added successfully]]>
            </line>
          </reporter-output>
        </test-method> <!-- createCampaignTest -->
        <test-method is-config="true" signature="afterMethod()[pri:0, instance:CampaignTest.CreateCampaign@54e1c68b]" started-at="2025-03-30T14:14:54 IST" name="afterMethod" finished-at="2025-03-30T14:14:54 IST" duration-ms="207" status="PASS">
          <reporter-output>
          </reporter-output>
        </test-method> <!-- afterMethod -->
        <test-method is-config="true" signature="beforeMethod()[pri:0, instance:CampaignTest.CreateCampaign@54e1c68b]" started-at="2025-03-30T14:14:54 IST" name="beforeMethod" finished-at="2025-03-30T14:14:59 IST" duration-ms="4932" status="PASS">
          <reporter-output>
          </reporter-output>
        </test-method> <!-- beforeMethod -->
        <test-method signature="createCampaignDateTest()[pri:0, instance:CampaignTest.CreateCampaign@54e1c68b]" started-at="2025-03-30T14:14:59 IST" name="createCampaignDateTest" finished-at="2025-03-30T14:15:16 IST" depends-on-methods="CampaignTest.CreateCampaign.createCampaignTest" duration-ms="16779" status="PASS">
          <reporter-output>
            <line>
              <![CDATA[CampaignGowthu41325added successfully]]>
            </line>
          </reporter-output>
        </test-method> <!-- createCampaignDateTest -->
        <test-method is-config="true" signature="afterMethod()[pri:0, instance:CampaignTest.CreateCampaign@54e1c68b]" started-at="2025-03-30T14:15:16 IST" name="afterMethod" finished-at="2025-03-30T14:15:16 IST" duration-ms="78" status="PASS">
          <reporter-output>
          </reporter-output>
        </test-method> <!-- afterMethod -->
        <test-method is-config="true" signature="afterClass()[pri:0, instance:CampaignTest.CreateCampaign@54e1c68b]" started-at="2025-03-30T14:15:16 IST" name="afterClass" finished-at="2025-03-30T14:15:16 IST" duration-ms="342" status="PASS">
          <reporter-output>
          </reporter-output>
        </test-method> <!-- afterClass -->
        <test-method is-config="true" signature="afterTest()[pri:0, instance:CampaignTest.CreateCampaign@54e1c68b]" started-at="2025-03-30T14:16:40 IST" name="afterTest" finished-at="2025-03-30T14:16:40 IST" duration-ms="0" status="PASS">
          <reporter-output>
          </reporter-output>
        </test-method> <!-- afterTest -->
        <test-method is-config="true" signature="afterSuite()[pri:0, instance:CampaignTest.CreateCampaign@54e1c68b]" started-at="2025-03-30T14:16:41 IST" name="afterSuite" finished-at="2025-03-30T14:16:41 IST" duration-ms="0" status="PASS">
          <reporter-output>
          </reporter-output>
        </test-method> <!-- afterSuite -->
      </class> <!-- CampaignTest.CreateCampaign -->
    </test> <!-- Test -->
  </suite> <!-- Suite -->
</testng-results>
