<?xml version="1.0" encoding="UTF-8"?>
<!-- Generated by org.testng.reporters.JUnitXMLReporter -->
<testsuite ignored="12" hostname="LAPTOP-JPHJ2F9N" failures="1" tests="8" name="Test" time="140.056" errors="0" timestamp="2025-03-30T14:16:40 IST">
  <testcase classname="CampaignTest.CreateCampaign" name="createCampaignTest" time="24.373"/>
  <testcase classname="CampaignTest.CreateCampaign" name="createCampaignDateTest" time="16.779"/>
  <testcase classname="ProductTest.CreateProduct" name="createProductTest" time="14.116"/>
  <testcase classname="Login.LoginTest" name="loginTest" time="2.057">
    <skipped/>
  </testcase> <!-- loginTest -->
  <testcase classname="Login.LoginTest" name="loginTest" time="2.036">
    <skipped/>
  </testcase> <!-- loginTest -->
  <testcase classname="Login.LoginTest" name="loginTest" time="2.038">
    <skipped/>
  </testcase> <!-- loginTest -->
  <testcase classname="Login.LoginTest" name="loginTest" time="2.057">
    <failure type="java.lang.AssertionError" message="The following asserts failed:
	expected [http://49.249.28.218:8098/dashboar] but found [http://49.249.28.218:8098/dashboard]">
      <![CDATA[java.lang.AssertionError: The following asserts failed:
expected [http://49.249.28.218:8098/dashboar] but found [http://49.249.28.218:8098/dashboard]
at Login.LoginTest.loginTest(LoginTest.java:107)
at java.base/java.util.ArrayList.forEach(ArrayList.java:1511)
... Removed 29 stack frames]]>
    </failure>
  </testcase> <!-- loginTest -->
  <testcase classname="CreateTest.CreateContact" name="createContactWithCampaignTest" time="31.654"/>
  <testcase classname="genericBaseClassUtility.BaseClass" name="@BeforeSuite beforeSuite" time="0.0">
    <ignored/>
  </testcase> <!-- @BeforeSuite beforeSuite -->
  <testcase classname="genericBaseClassUtility.BaseClass" name="@BeforeSuite beforeSuite" time="0.0">
    <ignored/>
  </testcase> <!-- @BeforeSuite beforeSuite -->
  <testcase classname="genericBaseClassUtility.BaseClass" name="@BeforeSuite beforeSuite" time="0.0">
    <ignored/>
  </testcase> <!-- @BeforeSuite beforeSuite -->
  <testcase classname="genericBaseClassUtility.BaseClass" name="@AfterSuite afterSuite" time="0.0">
    <ignored/>
  </testcase> <!-- @AfterSuite afterSuite -->
  <testcase classname="genericBaseClassUtility.BaseClass" name="@AfterSuite afterSuite" time="0.0">
    <ignored/>
  </testcase> <!-- @AfterSuite afterSuite -->
  <testcase classname="genericBaseClassUtility.BaseClass" name="@AfterSuite afterSuite" time="0.0">
    <ignored/>
  </testcase> <!-- @AfterSuite afterSuite -->
  <testcase classname="genericBaseClassUtility.BaseClass" name="@BeforeTest beforeTest" time="0.0">
    <ignored/>
  </testcase> <!-- @BeforeTest beforeTest -->
  <testcase classname="genericBaseClassUtility.BaseClass" name="@BeforeTest beforeTest" time="0.0">
    <ignored/>
  </testcase> <!-- @BeforeTest beforeTest -->
  <testcase classname="genericBaseClassUtility.BaseClass" name="@BeforeTest beforeTest" time="0.0">
    <ignored/>
  </testcase> <!-- @BeforeTest beforeTest -->
  <testcase classname="genericBaseClassUtility.BaseClass" name="@AfterTest afterTest" time="0.0">
    <ignored/>
  </testcase> <!-- @AfterTest afterTest -->
  <testcase classname="genericBaseClassUtility.BaseClass" name="@AfterTest afterTest" time="0.0">
    <ignored/>
  </testcase> <!-- @AfterTest afterTest -->
  <testcase classname="genericBaseClassUtility.BaseClass" name="@AfterTest afterTest" time="0.0">
    <ignored/>
  </testcase> <!-- @AfterTest afterTest -->
</testsuite> <!-- Test -->
